{"message":"SQLSTATE[HY000] [1049] Unknown database 'newbase'","context":{"context":"DAO","part":null,"extra":null},"level":400,"level_name":"ERROR","channel":"s62260ca82eabd","datetime":"2022-03-24T13:50:17.125765+01:00","extra":{}}
{"message":"SQLSTATE[HY000] [1049] Unknown database 'newbase'","context":{"context":"DAO","part":null,"extra":null},"level":400,"level_name":"ERROR","channel":"s62260ca82eabd","datetime":"2022-03-24T13:50:34.504036+01:00","extra":{}}
{"message":"Start transaction","context":{"context":"Transactions","part":"beginTransaction","extra":null},"level":200,"level_name":"INFO","channel":"s62260ca82eabd","datetime":"2022-03-24T13:50:34.917013+01:00","extra":{}}
{"message":"SELECT COUNT(*) FROM `basket`","context":{"context":"Database","part":"prepareAndFetchColumn","extra":null},"level":200,"level_name":"INFO","channel":"s62260ca82eabd","datetime":"2022-03-24T13:50:49.815318+01:00","extra":{}}
{"message":"SELECT COUNT(*) FROM `basketdetail`","context":{"context":"Database","part":"prepareAndFetchColumn","extra":null},"level":200,"level_name":"INFO","channel":"s62260ca82eabd","datetime":"2022-03-24T13:50:49.820361+01:00","extra":{}}
{"message":"SELECT COUNT(*) FROM `employee`","context":{"context":"Database","part":"prepareAndFetchColumn","extra":null},"level":200,"level_name":"INFO","channel":"s62260ca82eabd","datetime":"2022-03-24T13:50:49.821514+01:00","extra":{}}
{"message":"SELECT COUNT(*) FROM `order`","context":{"context":"Database","part":"prepareAndFetchColumn","extra":null},"level":200,"level_name":"INFO","channel":"s62260ca82eabd","datetime":"2022-03-24T13:50:49.822651+01:00","extra":{}}
{"message":"SELECT COUNT(*) FROM `orderdetail`","context":{"context":"Database","part":"prepareAndFetchColumn","extra":null},"level":200,"level_name":"INFO","channel":"s62260ca82eabd","datetime":"2022-03-24T13:50:49.823771+01:00","extra":{}}
{"message":"SELECT COUNT(*) FROM `product`","context":{"context":"Database","part":"prepareAndFetchColumn","extra":null},"level":200,"level_name":"INFO","channel":"s62260ca82eabd","datetime":"2022-03-24T13:50:49.825241+01:00","extra":{}}
{"message":"SELECT COUNT(*) FROM `section`","context":{"context":"Database","part":"prepareAndFetchColumn","extra":null},"level":200,"level_name":"INFO","channel":"s62260ca82eabd","datetime":"2022-03-24T13:50:49.826039+01:00","extra":{}}
{"message":"SELECT COUNT(*) FROM `slot`","context":{"context":"Database","part":"prepareAndFetchColumn","extra":null},"level":200,"level_name":"INFO","channel":"s62260ca82eabd","datetime":"2022-03-24T13:50:49.826756+01:00","extra":{}}
{"message":"SELECT COUNT(*) FROM `timeslot`","context":{"context":"Database","part":"prepareAndFetchColumn","extra":null},"level":200,"level_name":"INFO","channel":"s62260ca82eabd","datetime":"2022-03-24T13:50:49.827854+01:00","extra":{}}
{"message":"SELECT COUNT(*) FROM `user`","context":{"context":"Database","part":"prepareAndFetchColumn","extra":null},"level":200,"level_name":"INFO","channel":"s62260ca82eabd","datetime":"2022-03-24T13:50:49.828667+01:00","extra":{}}
{"message":"SELECT COUNT(*) FROM `basket` WHERE 1=1","context":{"context":"Database","part":"prepareAndFetchColumn","extra":null},"level":200,"level_name":"INFO","channel":"s62260ca82eabd","datetime":"2022-03-24T13:51:05.693522+01:00","extra":{}}
{"message":"SELECT `basket`.`id`,`basket`.`name`,`basket`.`dateCreation`,`basket`.`idUser` FROM `basket` ","context":{"context":"Database","part":"prepareAndExecute","extra":null},"level":200,"level_name":"INFO","channel":"s62260ca82eabd","datetime":"2022-03-24T13:51:05.697491+01:00","extra":{}}
{"message":"SELECT COUNT(*) FROM `employee` WHERE 1=1","context":{"context":"Database","part":"prepareAndFetchColumn","extra":null},"level":200,"level_name":"INFO","channel":"s62260ca82eabd","datetime":"2022-03-24T13:51:09.966290+01:00","extra":{}}
{"message":"SELECT `employee`.`id`,`employee`.`name`,`employee`.`email`,`employee`.`password` FROM `employee` ","context":{"context":"Database","part":"prepareAndExecute","extra":null},"level":200,"level_name":"INFO","channel":"s62260ca82eabd","datetime":"2022-03-24T13:51:09.969854+01:00","extra":{}}
{"message":"SELECT COUNT(*) FROM `basketdetail` WHERE 1=1","context":{"context":"Database","part":"prepareAndFetchColumn","extra":null},"level":200,"level_name":"INFO","channel":"s62260ca82eabd","datetime":"2022-03-24T13:51:11.092104+01:00","extra":{}}
{"message":"SELECT `basketdetail`.`idBasket`,`basketdetail`.`idProduct`,`basketdetail`.`quantity`,`basketdetail`.`idBasket`,`basketdetail`.`idProduct` FROM `basketdetail` ","context":{"context":"Database","part":"prepareAndExecute","extra":null},"level":200,"level_name":"INFO","channel":"s62260ca82eabd","datetime":"2022-03-24T13:51:11.095653+01:00","extra":{}}
{"message":"SELECT COUNT(*) FROM `basketdetail` WHERE 1=1","context":{"context":"Database","part":"prepareAndFetchColumn","extra":null},"level":200,"level_name":"INFO","channel":"s62260ca82eabd","datetime":"2022-03-24T13:53:35.491908+01:00","extra":{}}
{"message":"SELECT `basketdetail`.`idBasket`,`basketdetail`.`idProduct`,`basketdetail`.`quantity`,`basketdetail`.`idBasket`,`basketdetail`.`idProduct` FROM `basketdetail` ","context":{"context":"Database","part":"prepareAndExecute","extra":null},"level":200,"level_name":"INFO","channel":"s62260ca82eabd","datetime":"2022-03-24T13:53:35.498907+01:00","extra":{}}
{"message":"SELECT COUNT(*) FROM `basket`","context":{"context":"Database","part":"prepareAndFetchColumn","extra":null},"level":200,"level_name":"INFO","channel":"s62260ca82eabd","datetime":"2022-03-24T13:53:35.699729+01:00","extra":{}}
{"message":"SELECT COUNT(*) FROM `basketdetail`","context":{"context":"Database","part":"prepareAndFetchColumn","extra":null},"level":200,"level_name":"INFO","channel":"s62260ca82eabd","datetime":"2022-03-24T13:53:35.700121+01:00","extra":{}}
{"message":"SELECT COUNT(*) FROM `employee`","context":{"context":"Database","part":"prepareAndFetchColumn","extra":null},"level":200,"level_name":"INFO","channel":"s62260ca82eabd","datetime":"2022-03-24T13:53:35.700754+01:00","extra":{}}
{"message":"SELECT COUNT(*) FROM `order`","context":{"context":"Database","part":"prepareAndFetchColumn","extra":null},"level":200,"level_name":"INFO","channel":"s62260ca82eabd","datetime":"2022-03-24T13:53:35.701740+01:00","extra":{}}
{"message":"SELECT COUNT(*) FROM `orderdetail`","context":{"context":"Database","part":"prepareAndFetchColumn","extra":null},"level":200,"level_name":"INFO","channel":"s62260ca82eabd","datetime":"2022-03-24T13:53:35.702825+01:00","extra":{}}
{"message":"SELECT COUNT(*) FROM `product`","context":{"context":"Database","part":"prepareAndFetchColumn","extra":null},"level":200,"level_name":"INFO","channel":"s62260ca82eabd","datetime":"2022-03-24T13:53:35.703813+01:00","extra":{}}
{"message":"SELECT COUNT(*) FROM `section`","context":{"context":"Database","part":"prepareAndFetchColumn","extra":null},"level":200,"level_name":"INFO","channel":"s62260ca82eabd","datetime":"2022-03-24T13:53:35.704984+01:00","extra":{}}
{"message":"SELECT COUNT(*) FROM `slot`","context":{"context":"Database","part":"prepareAndFetchColumn","extra":null},"level":200,"level_name":"INFO","channel":"s62260ca82eabd","datetime":"2022-03-24T13:53:35.705874+01:00","extra":{}}
{"message":"SELECT COUNT(*) FROM `timeslot`","context":{"context":"Database","part":"prepareAndFetchColumn","extra":null},"level":200,"level_name":"INFO","channel":"s62260ca82eabd","datetime":"2022-03-24T13:53:35.706489+01:00","extra":{}}
{"message":"SELECT COUNT(*) FROM `user`","context":{"context":"Database","part":"prepareAndFetchColumn","extra":null},"level":200,"level_name":"INFO","channel":"s62260ca82eabd","datetime":"2022-03-24T13:53:35.706932+01:00","extra":{}}
{"message":"SELECT COUNT(*) FROM `basketdetail` WHERE 1=1","context":{"context":"Database","part":"prepareAndFetchColumn","extra":null},"level":200,"level_name":"INFO","channel":"s62260ca82eabd","datetime":"2022-03-24T13:53:45.701320+01:00","extra":{}}
{"message":"SELECT `basketdetail`.`idBasket`,`basketdetail`.`idProduct`,`basketdetail`.`quantity`,`basketdetail`.`idBasket`,`basketdetail`.`idProduct` FROM `basketdetail` ","context":{"context":"Database","part":"prepareAndExecute","extra":null},"level":200,"level_name":"INFO","channel":"s62260ca82eabd","datetime":"2022-03-24T13:53:45.709045+01:00","extra":{}}
{"message":"SELECT COUNT(*) FROM `basket`","context":{"context":"Database","part":"prepareAndFetchColumn","extra":null},"level":200,"level_name":"INFO","channel":"s62260ca82eabd","datetime":"2022-03-24T13:53:45.850575+01:00","extra":{}}
{"message":"SELECT COUNT(*) FROM `basketdetail`","context":{"context":"Database","part":"prepareAndFetchColumn","extra":null},"level":200,"level_name":"INFO","channel":"s62260ca82eabd","datetime":"2022-03-24T13:53:45.850978+01:00","extra":{}}
{"message":"SELECT COUNT(*) FROM `employee`","context":{"context":"Database","part":"prepareAndFetchColumn","extra":null},"level":200,"level_name":"INFO","channel":"s62260ca82eabd","datetime":"2022-03-24T13:53:45.851502+01:00","extra":{}}
{"message":"SELECT COUNT(*) FROM `order`","context":{"context":"Database","part":"prepareAndFetchColumn","extra":null},"level":200,"level_name":"INFO","channel":"s62260ca82eabd","datetime":"2022-03-24T13:53:45.852027+01:00","extra":{}}
{"message":"SELECT COUNT(*) FROM `orderdetail`","context":{"context":"Database","part":"prepareAndFetchColumn","extra":null},"level":200,"level_name":"INFO","channel":"s62260ca82eabd","datetime":"2022-03-24T13:53:45.852508+01:00","extra":{}}
{"message":"SELECT COUNT(*) FROM `product`","context":{"context":"Database","part":"prepareAndFetchColumn","extra":null},"level":200,"level_name":"INFO","channel":"s62260ca82eabd","datetime":"2022-03-24T13:53:45.853058+01:00","extra":{}}
{"message":"SELECT COUNT(*) FROM `section`","context":{"context":"Database","part":"prepareAndFetchColumn","extra":null},"level":200,"level_name":"INFO","channel":"s62260ca82eabd","datetime":"2022-03-24T13:53:45.853506+01:00","extra":{}}
{"message":"SELECT COUNT(*) FROM `slot`","context":{"context":"Database","part":"prepareAndFetchColumn","extra":null},"level":200,"level_name":"INFO","channel":"s62260ca82eabd","datetime":"2022-03-24T13:53:45.853970+01:00","extra":{}}
{"message":"SELECT COUNT(*) FROM `timeslot`","context":{"context":"Database","part":"prepareAndFetchColumn","extra":null},"level":200,"level_name":"INFO","channel":"s62260ca82eabd","datetime":"2022-03-24T13:53:45.854421+01:00","extra":{}}
{"message":"SELECT COUNT(*) FROM `user`","context":{"context":"Database","part":"prepareAndFetchColumn","extra":null},"level":200,"level_name":"INFO","channel":"s62260ca82eabd","datetime":"2022-03-24T13:53:45.854862+01:00","extra":{}}
{"message":"SELECT COUNT(*) FROM `basketdetail` WHERE 1=1","context":{"context":"Database","part":"prepareAndFetchColumn","extra":null},"level":200,"level_name":"INFO","channel":"s62260ca82eabd","datetime":"2022-03-24T13:54:07.939586+01:00","extra":{}}
{"message":"SELECT `basketdetail`.`idBasket`,`basketdetail`.`idProduct`,`basketdetail`.`quantity`,`basketdetail`.`idBasket`,`basketdetail`.`idProduct` FROM `basketdetail` ","context":{"context":"Database","part":"prepareAndExecute","extra":null},"level":200,"level_name":"INFO","channel":"s62260ca82eabd","datetime":"2022-03-24T13:54:07.943931+01:00","extra":{}}
{"message":"SELECT COUNT(*) FROM `basket`","context":{"context":"Database","part":"prepareAndFetchColumn","extra":null},"level":200,"level_name":"INFO","channel":"s62260ca82eabd","datetime":"2022-03-24T13:54:08.422079+01:00","extra":{}}
{"message":"SELECT COUNT(*) FROM `basketdetail`","context":{"context":"Database","part":"prepareAndFetchColumn","extra":null},"level":200,"level_name":"INFO","channel":"s62260ca82eabd","datetime":"2022-03-24T13:54:08.422540+01:00","extra":{}}
{"message":"SELECT COUNT(*) FROM `employee`","context":{"context":"Database","part":"prepareAndFetchColumn","extra":null},"level":200,"level_name":"INFO","channel":"s62260ca82eabd","datetime":"2022-03-24T13:54:08.423769+01:00","extra":{}}
{"message":"SELECT COUNT(*) FROM `order`","context":{"context":"Database","part":"prepareAndFetchColumn","extra":null},"level":200,"level_name":"INFO","channel":"s62260ca82eabd","datetime":"2022-03-24T13:54:08.425045+01:00","extra":{}}
{"message":"SELECT COUNT(*) FROM `orderdetail`","context":{"context":"Database","part":"prepareAndFetchColumn","extra":null},"level":200,"level_name":"INFO","channel":"s62260ca82eabd","datetime":"2022-03-24T13:54:08.426090+01:00","extra":{}}
{"message":"SELECT COUNT(*) FROM `product`","context":{"context":"Database","part":"prepareAndFetchColumn","extra":null},"level":200,"level_name":"INFO","channel":"s62260ca82eabd","datetime":"2022-03-24T13:54:08.429749+01:00","extra":{}}
{"message":"SELECT COUNT(*) FROM `section`","context":{"context":"Database","part":"prepareAndFetchColumn","extra":null},"level":200,"level_name":"INFO","channel":"s62260ca82eabd","datetime":"2022-03-24T13:54:08.435017+01:00","extra":{}}
{"message":"SELECT COUNT(*) FROM `slot`","context":{"context":"Database","part":"prepareAndFetchColumn","extra":null},"level":200,"level_name":"INFO","channel":"s62260ca82eabd","datetime":"2022-03-24T13:54:08.437108+01:00","extra":{}}
{"message":"SELECT COUNT(*) FROM `timeslot`","context":{"context":"Database","part":"prepareAndFetchColumn","extra":null},"level":200,"level_name":"INFO","channel":"s62260ca82eabd","datetime":"2022-03-24T13:54:08.438134+01:00","extra":{}}
{"message":"SELECT COUNT(*) FROM `user`","context":{"context":"Database","part":"prepareAndFetchColumn","extra":null},"level":200,"level_name":"INFO","channel":"s62260ca82eabd","datetime":"2022-03-24T13:54:08.438961+01:00","extra":{}}
{"message":"SELECT COUNT(*) FROM `basketdetail` WHERE 1=1","context":{"context":"Database","part":"prepareAndFetchColumn","extra":null},"level":200,"level_name":"INFO","channel":"s62260ca82eabd","datetime":"2022-03-24T13:54:17.882210+01:00","extra":{}}
{"message":"SELECT `basketdetail`.`idBasket`,`basketdetail`.`idProduct`,`basketdetail`.`quantity`,`basketdetail`.`idBasket`,`basketdetail`.`idProduct` FROM `basketdetail` ","context":{"context":"Database","part":"prepareAndExecute","extra":null},"level":200,"level_name":"INFO","channel":"s62260ca82eabd","datetime":"2022-03-24T13:54:17.887983+01:00","extra":{}}
{"message":"SELECT COUNT(*) FROM `basket`","context":{"context":"Database","part":"prepareAndFetchColumn","extra":null},"level":200,"level_name":"INFO","channel":"s62260ca82eabd","datetime":"2022-03-24T13:54:18.025927+01:00","extra":{}}
{"message":"SELECT COUNT(*) FROM `basketdetail`","context":{"context":"Database","part":"prepareAndFetchColumn","extra":null},"level":200,"level_name":"INFO","channel":"s62260ca82eabd","datetime":"2022-03-24T13:54:18.026658+01:00","extra":{}}
{"message":"SELECT COUNT(*) FROM `employee`","context":{"context":"Database","part":"prepareAndFetchColumn","extra":null},"level":200,"level_name":"INFO","channel":"s62260ca82eabd","datetime":"2022-03-24T13:54:18.027250+01:00","extra":{}}
{"message":"SELECT COUNT(*) FROM `order`","context":{"context":"Database","part":"prepareAndFetchColumn","extra":null},"level":200,"level_name":"INFO","channel":"s62260ca82eabd","datetime":"2022-03-24T13:54:18.027942+01:00","extra":{}}
{"message":"SELECT COUNT(*) FROM `orderdetail`","context":{"context":"Database","part":"prepareAndFetchColumn","extra":null},"level":200,"level_name":"INFO","channel":"s62260ca82eabd","datetime":"2022-03-24T13:54:18.028443+01:00","extra":{}}
{"message":"SELECT COUNT(*) FROM `product`","context":{"context":"Database","part":"prepareAndFetchColumn","extra":null},"level":200,"level_name":"INFO","channel":"s62260ca82eabd","datetime":"2022-03-24T13:54:18.029004+01:00","extra":{}}
{"message":"SELECT COUNT(*) FROM `section`","context":{"context":"Database","part":"prepareAndFetchColumn","extra":null},"level":200,"level_name":"INFO","channel":"s62260ca82eabd","datetime":"2022-03-24T13:54:18.029463+01:00","extra":{}}
{"message":"SELECT COUNT(*) FROM `slot`","context":{"context":"Database","part":"prepareAndFetchColumn","extra":null},"level":200,"level_name":"INFO","channel":"s62260ca82eabd","datetime":"2022-03-24T13:54:18.029922+01:00","extra":{}}
{"message":"SELECT COUNT(*) FROM `timeslot`","context":{"context":"Database","part":"prepareAndFetchColumn","extra":null},"level":200,"level_name":"INFO","channel":"s62260ca82eabd","datetime":"2022-03-24T13:54:18.030383+01:00","extra":{}}
{"message":"SELECT COUNT(*) FROM `user`","context":{"context":"Database","part":"prepareAndFetchColumn","extra":null},"level":200,"level_name":"INFO","channel":"s62260ca82eabd","datetime":"2022-03-24T13:54:18.030925+01:00","extra":{}}
{"message":"SELECT COUNT(*) FROM `basketdetail` WHERE 1=1","context":{"context":"Database","part":"prepareAndFetchColumn","extra":null},"level":200,"level_name":"INFO","channel":"s62260ca82eabd","datetime":"2022-03-24T13:54:34.648551+01:00","extra":{}}
{"message":"SELECT `basketdetail`.`idBasket`,`basketdetail`.`idProduct`,`basketdetail`.`quantity`,`basketdetail`.`idBasket`,`basketdetail`.`idProduct` FROM `basketdetail` ","context":{"context":"Database","part":"prepareAndExecute","extra":null},"level":200,"level_name":"INFO","channel":"s62260ca82eabd","datetime":"2022-03-24T13:54:34.653613+01:00","extra":{}}
{"message":"SELECT COUNT(*) FROM `basket`","context":{"context":"Database","part":"prepareAndFetchColumn","extra":null},"level":200,"level_name":"INFO","channel":"s62260ca82eabd","datetime":"2022-03-24T13:54:34.825092+01:00","extra":{}}
{"message":"SELECT COUNT(*) FROM `basketdetail`","context":{"context":"Database","part":"prepareAndFetchColumn","extra":null},"level":200,"level_name":"INFO","channel":"s62260ca82eabd","datetime":"2022-03-24T13:54:34.825567+01:00","extra":{}}
{"message":"SELECT COUNT(*) FROM `employee`","context":{"context":"Database","part":"prepareAndFetchColumn","extra":null},"level":200,"level_name":"INFO","channel":"s62260ca82eabd","datetime":"2022-03-24T13:54:34.826262+01:00","extra":{}}
{"message":"SELECT COUNT(*) FROM `order`","context":{"context":"Database","part":"prepareAndFetchColumn","extra":null},"level":200,"level_name":"INFO","channel":"s62260ca82eabd","datetime":"2022-03-24T13:54:34.826908+01:00","extra":{}}
{"message":"SELECT COUNT(*) FROM `orderdetail`","context":{"context":"Database","part":"prepareAndFetchColumn","extra":null},"level":200,"level_name":"INFO","channel":"s62260ca82eabd","datetime":"2022-03-24T13:54:34.827490+01:00","extra":{}}
{"message":"SELECT COUNT(*) FROM `product`","context":{"context":"Database","part":"prepareAndFetchColumn","extra":null},"level":200,"level_name":"INFO","channel":"s62260ca82eabd","datetime":"2022-03-24T13:54:34.828193+01:00","extra":{}}
{"message":"SELECT COUNT(*) FROM `section`","context":{"context":"Database","part":"prepareAndFetchColumn","extra":null},"level":200,"level_name":"INFO","channel":"s62260ca82eabd","datetime":"2022-03-24T13:54:34.829783+01:00","extra":{}}
{"message":"SELECT COUNT(*) FROM `slot`","context":{"context":"Database","part":"prepareAndFetchColumn","extra":null},"level":200,"level_name":"INFO","channel":"s62260ca82eabd","datetime":"2022-03-24T13:54:34.831818+01:00","extra":{}}
{"message":"SELECT COUNT(*) FROM `timeslot`","context":{"context":"Database","part":"prepareAndFetchColumn","extra":null},"level":200,"level_name":"INFO","channel":"s62260ca82eabd","datetime":"2022-03-24T13:54:34.833582+01:00","extra":{}}
{"message":"SELECT COUNT(*) FROM `user`","context":{"context":"Database","part":"prepareAndFetchColumn","extra":null},"level":200,"level_name":"INFO","channel":"s62260ca82eabd","datetime":"2022-03-24T13:54:34.834413+01:00","extra":{}}
{"message":"SELECT COUNT(*) FROM `product` WHERE 1=1","context":{"context":"Database","part":"prepareAndFetchColumn","extra":null},"level":200,"level_name":"INFO","channel":"s62260ca82eabd","datetime":"2022-03-24T13:54:39.630169+01:00","extra":{}}
{"message":"SELECT `product`.`id`,`product`.`name`,`product`.`comments`,`product`.`stock`,`product`.`image`,`product`.`price`,`product`.`promotion`,`product`.`idSection` FROM `product`  WHERE 1=1 LIMIT 6 OFFSET 0","context":{"context":"Database","part":"prepareAndExecute","extra":null},"level":200,"level_name":"INFO","channel":"s62260ca82eabd","datetime":"2022-03-24T13:54:39.634049+01:00","extra":{}}
{"message":"SELECT COUNT(*) FROM `product` WHERE 1=1","context":{"context":"Database","part":"prepareAndFetchColumn","extra":null},"level":200,"level_name":"INFO","channel":"s62260ca82eabd","datetime":"2022-03-24T13:54:48.346996+01:00","extra":{}}
{"message":"SELECT `product`.`id`,`product`.`name`,`product`.`comments`,`product`.`stock`,`product`.`image`,`product`.`price`,`product`.`promotion`,`product`.`idSection` FROM `product`  WHERE 1=1 LIMIT 6 OFFSET 0","context":{"context":"Database","part":"prepareAndExecute","extra":null},"level":200,"level_name":"INFO","channel":"s62260ca82eabd","datetime":"2022-03-24T13:54:48.352852+01:00","extra":{}}
{"message":"SELECT COUNT(*) FROM `basket`","context":{"context":"Database","part":"prepareAndFetchColumn","extra":null},"level":200,"level_name":"INFO","channel":"s62260ca82eabd","datetime":"2022-03-24T13:54:48.674897+01:00","extra":{}}
{"message":"SELECT COUNT(*) FROM `basketdetail`","context":{"context":"Database","part":"prepareAndFetchColumn","extra":null},"level":200,"level_name":"INFO","channel":"s62260ca82eabd","datetime":"2022-03-24T13:54:48.675845+01:00","extra":{}}
{"message":"SELECT COUNT(*) FROM `employee`","context":{"context":"Database","part":"prepareAndFetchColumn","extra":null},"level":200,"level_name":"INFO","channel":"s62260ca82eabd","datetime":"2022-03-24T13:54:48.676537+01:00","extra":{}}
{"message":"SELECT COUNT(*) FROM `order`","context":{"context":"Database","part":"prepareAndFetchColumn","extra":null},"level":200,"level_name":"INFO","channel":"s62260ca82eabd","datetime":"2022-03-24T13:54:48.677248+01:00","extra":{}}
{"message":"SELECT COUNT(*) FROM `orderdetail`","context":{"context":"Database","part":"prepareAndFetchColumn","extra":null},"level":200,"level_name":"INFO","channel":"s62260ca82eabd","datetime":"2022-03-24T13:54:48.677913+01:00","extra":{}}
{"message":"SELECT COUNT(*) FROM `product`","context":{"context":"Database","part":"prepareAndFetchColumn","extra":null},"level":200,"level_name":"INFO","channel":"s62260ca82eabd","datetime":"2022-03-24T13:54:48.678363+01:00","extra":{}}
{"message":"SELECT COUNT(*) FROM `section`","context":{"context":"Database","part":"prepareAndFetchColumn","extra":null},"level":200,"level_name":"INFO","channel":"s62260ca82eabd","datetime":"2022-03-24T13:54:48.679056+01:00","extra":{}}
{"message":"SELECT COUNT(*) FROM `slot`","context":{"context":"Database","part":"prepareAndFetchColumn","extra":null},"level":200,"level_name":"INFO","channel":"s62260ca82eabd","datetime":"2022-03-24T13:54:48.679891+01:00","extra":{}}
{"message":"SELECT COUNT(*) FROM `timeslot`","context":{"context":"Database","part":"prepareAndFetchColumn","extra":null},"level":200,"level_name":"INFO","channel":"s62260ca82eabd","datetime":"2022-03-24T13:54:48.680913+01:00","extra":{}}
{"message":"SELECT COUNT(*) FROM `user`","context":{"context":"Database","part":"prepareAndFetchColumn","extra":null},"level":200,"level_name":"INFO","channel":"s62260ca82eabd","datetime":"2022-03-24T13:54:48.696776+01:00","extra":{}}
